[debug] [2024-06-04T11:16:22.544Z] ----------------------------------------------------------------------
[debug] [2024-06-04T11:16:22.547Z] Command:       C:\Program Files\nodejs\node.exe C:\Users\Admin\AppData\Roaming\npm\node_modules\firebase-tools\lib\bin\firebase.js emulators:start
[debug] [2024-06-04T11:16:22.547Z] CLI Version:   13.7.5
[debug] [2024-06-04T11:16:22.547Z] Platform:      win32
[debug] [2024-06-04T11:16:22.548Z] Node Version:  v20.12.2
[debug] [2024-06-04T11:16:22.548Z] Time:          Tue Jun 04 2024 17:46:22 GMT+0630 (Myanmar Time)
[debug] [2024-06-04T11:16:22.548Z] ----------------------------------------------------------------------
[debug] 
[debug] [2024-06-04T11:16:22.686Z] > command requires scopes: ["email","openid","https://www.googleapis.com/auth/cloudplatformprojects.readonly","https://www.googleapis.com/auth/firebase","https://www.googleapis.com/auth/cloud-platform"]
[debug] [2024-06-04T11:16:22.686Z] > authorizing via signed-in user (bhargavijethva2004@gmail.com)
[info] i  emulators: Starting emulators: functions, hosting {"metadata":{"emulator":{"name":"hub"},"message":"Starting emulators: functions, hosting"}}
[debug] [2024-06-04T11:16:22.699Z] [logging] Logging Emulator only supports listening on one address (127.0.0.1). Not listening on ::1
[debug] [2024-06-04T11:16:22.700Z] [hosting] Hosting Emulator only supports listening on one address (127.0.0.1). Not listening on ::1
[debug] [2024-06-04T11:16:22.700Z] assigned listening specs for emulators {"user":{"hub":[{"address":"127.0.0.1","family":"IPv4","port":4400},{"address":"::1","family":"IPv6","port":4400}],"ui":[{"address":"127.0.0.1","family":"IPv4","port":4000},{"address":"::1","family":"IPv6","port":4000}],"logging":[{"address":"127.0.0.1","family":"IPv4","port":4500}],"hosting":[{"address":"127.0.0.1","family":"IPv4","port":5000}]},"metadata":{"message":"assigned listening specs for emulators"}}
[warn] !  emulators: It seems that you are running multiple instances of the emulator suite for project challenge-cd848. This may result in unexpected behavior. 
[debug] [2024-06-04T11:16:22.707Z] [hub] writing locator at C:\Users\Admin\AppData\Local\Temp\hub-challenge-cd848.json
[debug] [2024-06-04T11:16:22.735Z] [functions] Functions Emulator only supports listening on one address (127.0.0.1). Not listening on ::1
[debug] [2024-06-04T11:16:22.735Z] [eventarc] Eventarc Emulator only supports listening on one address (127.0.0.1). Not listening on ::1
[debug] [2024-06-04T11:16:22.735Z] late-assigned ports for functions and eventarc emulators {"user":{"hub":[{"address":"127.0.0.1","family":"IPv4","port":4400},{"address":"::1","family":"IPv6","port":4400}],"ui":[{"address":"127.0.0.1","family":"IPv4","port":4000},{"address":"::1","family":"IPv6","port":4000}],"logging":[{"address":"127.0.0.1","family":"IPv4","port":4500}],"hosting":[{"address":"127.0.0.1","family":"IPv4","port":5000}],"functions":[{"address":"127.0.0.1","family":"IPv4","port":5001}],"eventarc":[{"address":"127.0.0.1","family":"IPv4","port":9299}]},"metadata":{"message":"late-assigned ports for functions and eventarc emulators"}}
[warn] !  functions: The following emulators are not running, calls to these services from the Functions emulator will affect production: auth, firestore, database, pubsub, storage {"metadata":{"emulator":{"name":"functions"},"message":"The following emulators are not running, calls to these services from the Functions emulator will affect production: \u001b[1mauth, firestore, database, pubsub, storage\u001b[22m"}}
[debug] [2024-06-04T11:16:22.743Z] defaultcredentials: writing to file C:\Users\Admin\AppData\Roaming\firebase\bhargavijethva2004_gmail_com_application_default_credentials.json
[debug] [2024-06-04T11:16:22.747Z] Setting GAC to C:\Users\Admin\AppData\Roaming\firebase\bhargavijethva2004_gmail_com_application_default_credentials.json {"metadata":{"emulator":{"name":"functions"},"message":"Setting GAC to C:\\Users\\Admin\\AppData\\Roaming\\firebase\\bhargavijethva2004_gmail_com_application_default_credentials.json"}}
[debug] [2024-06-04T11:16:22.749Z] >>> [apiv2][query] GET https://firebase.googleapis.com/v1beta1/projects/challenge-cd848/adminSdkConfig [none]
[debug] [2024-06-04T11:16:24.101Z] <<< [apiv2][status] GET https://firebase.googleapis.com/v1beta1/projects/challenge-cd848/adminSdkConfig 200
[debug] [2024-06-04T11:16:24.101Z] <<< [apiv2][body] GET https://firebase.googleapis.com/v1beta1/projects/challenge-cd848/adminSdkConfig {"projectId":"challenge-cd848","databaseURL":"https://challenge-cd848-default-rtdb.firebaseio.com","storageBucket":"challenge-cd848.appspot.com"}
[debug] [2024-06-04T11:16:24.118Z] >>> [apiv2][query] GET https://firebasehosting.googleapis.com/v1beta1/projects/challenge-cd848/sites 
[debug] [2024-06-04T11:16:25.699Z] <<< [apiv2][status] GET https://firebasehosting.googleapis.com/v1beta1/projects/challenge-cd848/sites 200
[debug] [2024-06-04T11:16:25.699Z] <<< [apiv2][body] GET https://firebasehosting.googleapis.com/v1beta1/projects/challenge-cd848/sites {"sites":[{"name":"projects/challenge-cd848/sites/challenge-cd848","defaultUrl":"https://challenge-cd848.web.app","appId":"1:754280295314:web:54a8f74f64587606b96f4b","type":"DEFAULT_SITE"}]}
[debug] [2024-06-04T11:16:25.699Z] >>> [apiv2][query] GET https://firebase.googleapis.com/v1beta1/projects/challenge-cd848/webApps/1:754280295314:web:54a8f74f64587606b96f4b/config [none]
[debug] [2024-06-04T11:16:26.940Z] <<< [apiv2][status] GET https://firebase.googleapis.com/v1beta1/projects/challenge-cd848/webApps/1:754280295314:web:54a8f74f64587606b96f4b/config 200
[debug] [2024-06-04T11:16:26.941Z] <<< [apiv2][body] GET https://firebase.googleapis.com/v1beta1/projects/challenge-cd848/webApps/1:754280295314:web:54a8f74f64587606b96f4b/config {"projectId":"challenge-cd848","appId":"1:754280295314:web:54a8f74f64587606b96f4b","databaseURL":"https://challenge-cd848-default-rtdb.firebaseio.com","storageBucket":"challenge-cd848.appspot.com","apiKey":"AIzaSyBu8JeluqYwPGCWBb6fPLLU_u00MJYoKwA","authDomain":"challenge-cd848.firebaseapp.com","messagingSenderId":"754280295314","measurementId":"G-8YM9J3SPQK"}
[debug] [2024-06-04T11:16:26.957Z] >>> [apiv2][query] GET https://firebase.googleapis.com/v1beta1/projects/challenge-cd848 [none]
[debug] [2024-06-04T11:16:27.627Z] <<< [apiv2][status] GET https://firebase.googleapis.com/v1beta1/projects/challenge-cd848 200
[debug] [2024-06-04T11:16:27.628Z] <<< [apiv2][body] GET https://firebase.googleapis.com/v1beta1/projects/challenge-cd848 {"projectId":"challenge-cd848","projectNumber":"754280295314","displayName":"amazon-challenge","name":"projects/challenge-cd848","resources":{"hostingSite":"challenge-cd848","realtimeDatabaseInstance":"challenge-cd848-default-rtdb"},"state":"ACTIVE","etag":"1_ec13d462-96f6-4f7b-92aa-7d54bd4fa03c"}
[info] i  hosting[challenge-cd848]: Serving hosting files from: build {"metadata":{"emulator":{"name":"hosting"},"message":"Serving hosting files from: \u001b[1mbuild\u001b[22m"}}
[info] +  hosting[challenge-cd848]: Local server: http://127.0.0.1:5000 {"metadata":{"emulator":{"name":"hosting"},"message":"Local server: \u001b[4m\u001b[1mhttp://127.0.0.1:5000\u001b[22m\u001b[24m"}}
[debug] [2024-06-04T11:16:27.676Z] Ignoring unsupported arg: auto_download {"metadata":{"emulator":{"name":"ui"},"message":"Ignoring unsupported arg: auto_download"}}
[debug] [2024-06-04T11:16:27.677Z] Ignoring unsupported arg: port {"metadata":{"emulator":{"name":"ui"},"message":"Ignoring unsupported arg: port"}}
[debug] [2024-06-04T11:16:27.677Z] Starting Emulator UI with command {"binary":"node","args":["C:\\Users\\Admin\\.cache\\firebase\\emulators\\ui-v1.11.8\\server\\server.mjs"],"optionalArgs":[],"joinArgs":false,"shell":false} {"metadata":{"emulator":{"name":"ui"},"message":"Starting Emulator UI with command {\"binary\":\"node\",\"args\":[\"C:\\\\Users\\\\Admin\\\\.cache\\\\firebase\\\\emulators\\\\ui-v1.11.8\\\\server\\\\server.mjs\"],\"optionalArgs\":[],\"joinArgs\":false,\"shell\":false}"}}
[info] i  ui: Emulator UI logging to ui-debug.log {"metadata":{"emulator":{"name":"ui"},"message":"Emulator UI logging to \u001b[1mui-debug.log\u001b[22m"}}
[debug] [2024-06-04T11:16:27.829Z] Web / API server started at 127.0.0.1:4000
 {"metadata":{"emulator":{"name":"ui"},"message":"Web / API server started at 127.0.0.1:4000\n"}}
[debug] [2024-06-04T11:16:27.829Z] Web / API server started at ::1:4000
 {"metadata":{"emulator":{"name":"ui"},"message":"Web / API server started at ::1:4000\n"}}
[info] i  functions: Watching "C:\Users\Admin\OneDrive\Documents\React\Amazon-Clone\amazon\functions" for Cloud Functions... {"metadata":{"emulator":{"name":"functions"},"message":"Watching \"C:\\Users\\Admin\\OneDrive\\Documents\\React\\Amazon-Clone\\amazon\\functions\" for Cloud Functions..."}}
[debug] [2024-06-04T11:16:27.968Z] Validating nodejs source
[warn] !  functions: package.json indicates an outdated version of firebase-functions. Please upgrade using npm install --save firebase-functions@latest in your functions directory. 
[warn] !  functions: Please note that there will be breaking changes when you upgrade. 
[debug] [2024-06-04T11:16:29.851Z] > [functions] package.json contents: {
  "name": "functions",
  "description": "Cloud Functions for Firebase",
  "scripts": {
    "lint": "eslint .",
    "serve": "firebase emulators:start --only functions",
    "shell": "firebase functions:shell",
    "start": "npm run shell",
    "deploy": "firebase deploy --only functions",
    "logs": "firebase functions:log"
  },
  "engines": {
    "node": "18"
  },
  "main": "index.js",
  "dependencies": {
    "cors": "^2.8.5",
    "dotenv": "^16.4.5",
    "express": "^4.19.2",
    "firebase-admin": "^11.8.0",
    "firebase-functions": "^4.3.1",
    "stripe": "^15.4.0"
  },
  "devDependencies": {
    "eslint": "^8.15.0",
    "eslint-config-google": "^0.14.0",
    "firebase-functions-test": "^3.1.0"
  },
  "private": true
}
[debug] [2024-06-04T11:16:29.852Z] Building nodejs source
[debug] [2024-06-04T11:16:29.852Z] Failed to find version of module node: reached end of search path C:\Users\Admin\OneDrive\Documents\React\Amazon-Clone\amazon\functions\node_modules
[warn] !  functions: Your requested "node" version "18" doesn't match your global version "20". Using node@20 from host. 
[debug] [2024-06-04T11:16:29.856Z] Could not find functions.yaml. Must use http discovery
[debug] [2024-06-04T11:16:29.864Z] Found firebase-functions binary at 'C:\Users\Admin\OneDrive\Documents\React\Amazon-Clone\amazon\functions\node_modules\.bin\firebase-functions'
[info] Serving at port 8266

[debug] [2024-06-04T11:16:32.176Z] Got response from /__/functions.yaml {"endpoints":{"api":{"platform":"gcfv1","availableMemoryMb":null,"timeoutSeconds":null,"minInstances":null,"maxInstances":null,"ingressSettings":null,"serviceAccountEmail":null,"vpc":null,"httpsTrigger":{},"entryPoint":"api"}},"specVersion":"v1alpha1","requiredAPIs":[]}
[info] +  functions: Loaded functions definitions from source: api. {"metadata":{"emulator":{"name":"functions"},"message":"Loaded functions definitions from source: api."}}
[info] +  functions[us-central1-api]: http function initialized (http://127.0.0.1:5001/challenge-cd848/us-central1/api). {"metadata":{"emulator":{"name":"functions"},"message":"\u001b[1mhttp\u001b[22m function initialized (http://127.0.0.1:5001/challenge-cd848/us-central1/api)."}}
[info] 
┌─────────────────────────────────────────────────────────────┐
│ ✔  All emulators ready! It is now safe to connect your app. │
│ i  View Emulator UI at http://127.0.0.1:4000/               │
└─────────────────────────────────────────────────────────────┘

┌───────────┬────────────────┬─────────────────────────────────┐
│ Emulator  │ Host:Port      │ View in Emulator UI             │
├───────────┼────────────────┼─────────────────────────────────┤
│ Functions │ 127.0.0.1:5001 │ http://127.0.0.1:4000/functions │
├───────────┼────────────────┼─────────────────────────────────┤
│ Hosting   │ 127.0.0.1:5000 │ n/a                             │
└───────────┴────────────────┴─────────────────────────────────┘
  Emulator Hub running at 127.0.0.1:4400
  Other reserved ports: 4500

Issues? Report them at https://github.com/firebase/firebase-tools/issues and attach the *-debug.log files.
 
[debug] [2024-06-04T11:38:56.419Z] [work-queue] {"queuedWork":["/challenge-cd848/us-central1/api/payment/create-2024-06-04T11:38:56.418Z"],"queueLength":1,"runningWork":[],"workRunningCount":0}
[debug] [2024-06-04T11:38:56.420Z] [work-queue] {"queuedWork":[],"queueLength":0,"runningWork":["/challenge-cd848/us-central1/api/payment/create-2024-06-04T11:38:56.418Z"],"workRunningCount":1}
[debug] [2024-06-04T11:38:56.422Z] Accepted request POST /challenge-cd848/us-central1/api/payment/create?total=3399 --> us-central1-api
[debug] [2024-06-04T11:38:56.431Z] [functions] Runtime ready! Sending request! {"metadata":{"emulator":{"name":"functions"},"message":"[functions] Runtime ready! Sending request!"}}
[debug] [2024-06-04T11:38:56.433Z] [functions] Got req.url=/challenge-cd848/us-central1/api/payment/create?total=3399, mapping to path=/payment/create?total=3399 {"metadata":{"emulator":{"name":"functions"},"message":"[functions] Got req.url=/challenge-cd848/us-central1/api/payment/create?total=3399, mapping to path=/payment/create?total=3399"}}
[debug] [2024-06-04T11:38:56.458Z] [worker-pool] addWorker(us-central1-api) {"metadata":{"emulator":{"name":"functions"},"message":"[worker-pool] addWorker(us-central1-api)"}}
[debug] [2024-06-04T11:38:56.460Z] [worker-pool] Adding worker with key us-central1-api, total=1 {"metadata":{"emulator":{"name":"functions"},"message":"[worker-pool] Adding worker with key us-central1-api, total=1"}}
[debug] [2024-06-04T11:38:56.464Z] [work-queue] {"queuedWork":["/challenge-cd848/us-central1/api/payment/create-2024-06-04T11:38:56.464Z"],"queueLength":1,"runningWork":["/challenge-cd848/us-central1/api/payment/create-2024-06-04T11:38:56.418Z"],"workRunningCount":1}
[debug] [2024-06-04T11:38:56.465Z] [work-queue] {"queuedWork":[],"queueLength":0,"runningWork":["/challenge-cd848/us-central1/api/payment/create-2024-06-04T11:38:56.418Z","/challenge-cd848/us-central1/api/payment/create-2024-06-04T11:38:56.464Z"],"workRunningCount":2}
[debug] [2024-06-04T11:38:56.465Z] Accepted request POST /challenge-cd848/us-central1/api/payment/create?total=3399 --> us-central1-api
[debug] [2024-06-04T11:38:56.468Z] [functions] Runtime ready! Sending request! {"metadata":{"emulator":{"name":"functions"},"message":"[functions] Runtime ready! Sending request!"}}
[debug] [2024-06-04T11:38:56.468Z] [functions] Got req.url=/challenge-cd848/us-central1/api/payment/create?total=3399, mapping to path=/payment/create?total=3399 {"metadata":{"emulator":{"name":"functions"},"message":"[functions] Got req.url=/challenge-cd848/us-central1/api/payment/create?total=3399, mapping to path=/payment/create?total=3399"}}
[debug] [2024-06-04T11:38:56.498Z] [worker-pool] addWorker(us-central1-api) {"metadata":{"emulator":{"name":"functions"},"message":"[worker-pool] addWorker(us-central1-api)"}}
[debug] [2024-06-04T11:38:56.499Z] [worker-pool] Adding worker with key us-central1-api, total=2 {"metadata":{"emulator":{"name":"functions"},"message":"[worker-pool] Adding worker with key us-central1-api, total=2"}}
[debug] [2024-06-04T11:38:58.501Z] [runtime-status] [7640] Resolved module firebase-admin {"declared":true,"installed":true,"version":"11.11.1","resolution":"C:\\Users\\Admin\\OneDrive\\Documents\\React\\Amazon-Clone\\amazon\\functions\\node_modules\\firebase-admin\\lib\\index.js"} {"metadata":{"emulator":{"name":"functions"},"function":{"name":"us-central1-api"},"extension":{},"message":"[runtime-status] [7640] Resolved module firebase-admin {\"declared\":true,\"installed\":true,\"version\":\"11.11.1\",\"resolution\":\"C:\\\\Users\\\\Admin\\\\OneDrive\\\\Documents\\\\React\\\\Amazon-Clone\\\\amazon\\\\functions\\\\node_modules\\\\firebase-admin\\\\lib\\\\index.js\"}"}}
[debug] [2024-06-04T11:38:58.503Z] [runtime-status] [22968] Resolved module firebase-admin {"declared":true,"installed":true,"version":"11.11.1","resolution":"C:\\Users\\Admin\\OneDrive\\Documents\\React\\Amazon-Clone\\amazon\\functions\\node_modules\\firebase-admin\\lib\\index.js"} {"metadata":{"emulator":{"name":"functions"},"function":{"name":"us-central1-api"},"extension":{},"message":"[runtime-status] [22968] Resolved module firebase-admin {\"declared\":true,\"installed\":true,\"version\":\"11.11.1\",\"resolution\":\"C:\\\\Users\\\\Admin\\\\OneDrive\\\\Documents\\\\React\\\\Amazon-Clone\\\\amazon\\\\functions\\\\node_modules\\\\firebase-admin\\\\lib\\\\index.js\"}"}}
[debug] [2024-06-04T11:38:58.504Z] [runtime-status] [7640] Resolved module firebase-functions {"declared":true,"installed":true,"version":"4.9.0","resolution":"C:\\Users\\Admin\\OneDrive\\Documents\\React\\Amazon-Clone\\amazon\\functions\\node_modules\\firebase-functions\\lib\\v1\\index.js"} {"metadata":{"emulator":{"name":"functions"},"function":{"name":"us-central1-api"},"extension":{},"message":"[runtime-status] [7640] Resolved module firebase-functions {\"declared\":true,\"installed\":true,\"version\":\"4.9.0\",\"resolution\":\"C:\\\\Users\\\\Admin\\\\OneDrive\\\\Documents\\\\React\\\\Amazon-Clone\\\\amazon\\\\functions\\\\node_modules\\\\firebase-functions\\\\lib\\\\v1\\\\index.js\"}"}}
[debug] [2024-06-04T11:38:58.505Z] [runtime-status] [7640] Outgoing network have been stubbed. [{"name":"http","status":"mocked"},{"name":"http","status":"mocked"},{"name":"https","status":"mocked"},{"name":"https","status":"mocked"},{"name":"net","status":"mocked"}] {"metadata":{"emulator":{"name":"functions"},"function":{"name":"us-central1-api"},"extension":{},"message":"[runtime-status] [7640] Outgoing network have been stubbed. [{\"name\":\"http\",\"status\":\"mocked\"},{\"name\":\"http\",\"status\":\"mocked\"},{\"name\":\"https\",\"status\":\"mocked\"},{\"name\":\"https\",\"status\":\"mocked\"},{\"name\":\"net\",\"status\":\"mocked\"}]"}}
[debug] [2024-06-04T11:38:58.507Z] [runtime-status] [7640] Resolved module firebase-functions {"declared":true,"installed":true,"version":"4.9.0","resolution":"C:\\Users\\Admin\\OneDrive\\Documents\\React\\Amazon-Clone\\amazon\\functions\\node_modules\\firebase-functions\\lib\\v1\\index.js"} {"metadata":{"emulator":{"name":"functions"},"function":{"name":"us-central1-api"},"extension":{},"message":"[runtime-status] [7640] Resolved module firebase-functions {\"declared\":true,\"installed\":true,\"version\":\"4.9.0\",\"resolution\":\"C:\\\\Users\\\\Admin\\\\OneDrive\\\\Documents\\\\React\\\\Amazon-Clone\\\\amazon\\\\functions\\\\node_modules\\\\firebase-functions\\\\lib\\\\v1\\\\index.js\"}"}}
[debug] [2024-06-04T11:38:58.513Z] [runtime-status] [22968] Resolved module firebase-functions {"declared":true,"installed":true,"version":"4.9.0","resolution":"C:\\Users\\Admin\\OneDrive\\Documents\\React\\Amazon-Clone\\amazon\\functions\\node_modules\\firebase-functions\\lib\\v1\\index.js"} {"metadata":{"emulator":{"name":"functions"},"function":{"name":"us-central1-api"},"extension":{},"message":"[runtime-status] [22968] Resolved module firebase-functions {\"declared\":true,\"installed\":true,\"version\":\"4.9.0\",\"resolution\":\"C:\\\\Users\\\\Admin\\\\OneDrive\\\\Documents\\\\React\\\\Amazon-Clone\\\\amazon\\\\functions\\\\node_modules\\\\firebase-functions\\\\lib\\\\v1\\\\index.js\"}"}}
[debug] [2024-06-04T11:38:58.513Z] [runtime-status] [22968] Outgoing network have been stubbed. [{"name":"http","status":"mocked"},{"name":"http","status":"mocked"},{"name":"https","status":"mocked"},{"name":"https","status":"mocked"},{"name":"net","status":"mocked"}] {"metadata":{"emulator":{"name":"functions"},"function":{"name":"us-central1-api"},"extension":{},"message":"[runtime-status] [22968] Outgoing network have been stubbed. [{\"name\":\"http\",\"status\":\"mocked\"},{\"name\":\"http\",\"status\":\"mocked\"},{\"name\":\"https\",\"status\":\"mocked\"},{\"name\":\"https\",\"status\":\"mocked\"},{\"name\":\"net\",\"status\":\"mocked\"}]"}}
[debug] [2024-06-04T11:38:58.514Z] [runtime-status] [22968] Resolved module firebase-functions {"declared":true,"installed":true,"version":"4.9.0","resolution":"C:\\Users\\Admin\\OneDrive\\Documents\\React\\Amazon-Clone\\amazon\\functions\\node_modules\\firebase-functions\\lib\\v1\\index.js"} {"metadata":{"emulator":{"name":"functions"},"function":{"name":"us-central1-api"},"extension":{},"message":"[runtime-status] [22968] Resolved module firebase-functions {\"declared\":true,\"installed\":true,\"version\":\"4.9.0\",\"resolution\":\"C:\\\\Users\\\\Admin\\\\OneDrive\\\\Documents\\\\React\\\\Amazon-Clone\\\\amazon\\\\functions\\\\node_modules\\\\firebase-functions\\\\lib\\\\v1\\\\index.js\"}"}}
[debug] [2024-06-04T11:38:58.911Z] [runtime-status] [7640] Checked functions.config() {"config":{}} {"metadata":{"emulator":{"name":"functions"},"function":{"name":"us-central1-api"},"extension":{},"message":"[runtime-status] [7640] Checked functions.config() {\"config\":{}}"}}
[debug] [2024-06-04T11:38:58.912Z] [runtime-status] [7640] firebase-functions has been stubbed. {"functionsResolution":{"declared":true,"installed":true,"version":"4.9.0","resolution":"C:\\Users\\Admin\\OneDrive\\Documents\\React\\Amazon-Clone\\amazon\\functions\\node_modules\\firebase-functions\\lib\\v1\\index.js"}} {"metadata":{"emulator":{"name":"functions"},"function":{"name":"us-central1-api"},"extension":{},"message":"[runtime-status] [7640] firebase-functions has been stubbed. {\"functionsResolution\":{\"declared\":true,\"installed\":true,\"version\":\"4.9.0\",\"resolution\":\"C:\\\\Users\\\\Admin\\\\OneDrive\\\\Documents\\\\React\\\\Amazon-Clone\\\\amazon\\\\functions\\\\node_modules\\\\firebase-functions\\\\lib\\\\v1\\\\index.js\"}}"}}
[debug] [2024-06-04T11:38:58.913Z] [runtime-status] [7640] Resolved module firebase-functions {"declared":true,"installed":true,"version":"4.9.0","resolution":"C:\\Users\\Admin\\OneDrive\\Documents\\React\\Amazon-Clone\\amazon\\functions\\node_modules\\firebase-functions\\lib\\v1\\index.js"} {"metadata":{"emulator":{"name":"functions"},"function":{"name":"us-central1-api"},"extension":{},"message":"[runtime-status] [7640] Resolved module firebase-functions {\"declared\":true,\"installed\":true,\"version\":\"4.9.0\",\"resolution\":\"C:\\\\Users\\\\Admin\\\\OneDrive\\\\Documents\\\\React\\\\Amazon-Clone\\\\amazon\\\\functions\\\\node_modules\\\\firebase-functions\\\\lib\\\\v1\\\\index.js\"}"}}
[debug] [2024-06-04T11:38:58.915Z] [runtime-status] [7640] Resolved module firebase-admin {"declared":true,"installed":true,"version":"11.11.1","resolution":"C:\\Users\\Admin\\OneDrive\\Documents\\React\\Amazon-Clone\\amazon\\functions\\node_modules\\firebase-admin\\lib\\index.js"} {"metadata":{"emulator":{"name":"functions"},"function":{"name":"us-central1-api"},"extension":{},"message":"[runtime-status] [7640] Resolved module firebase-admin {\"declared\":true,\"installed\":true,\"version\":\"11.11.1\",\"resolution\":\"C:\\\\Users\\\\Admin\\\\OneDrive\\\\Documents\\\\React\\\\Amazon-Clone\\\\amazon\\\\functions\\\\node_modules\\\\firebase-admin\\\\lib\\\\index.js\"}"}}
[debug] [2024-06-04T11:38:58.919Z] [runtime-status] [22968] Checked functions.config() {"config":{}} {"metadata":{"emulator":{"name":"functions"},"function":{"name":"us-central1-api"},"extension":{},"message":"[runtime-status] [22968] Checked functions.config() {\"config\":{}}"}}
[debug] [2024-06-04T11:38:58.919Z] [runtime-status] [22968] firebase-functions has been stubbed. {"functionsResolution":{"declared":true,"installed":true,"version":"4.9.0","resolution":"C:\\Users\\Admin\\OneDrive\\Documents\\React\\Amazon-Clone\\amazon\\functions\\node_modules\\firebase-functions\\lib\\v1\\index.js"}} {"metadata":{"emulator":{"name":"functions"},"function":{"name":"us-central1-api"},"extension":{},"message":"[runtime-status] [22968] firebase-functions has been stubbed. {\"functionsResolution\":{\"declared\":true,\"installed\":true,\"version\":\"4.9.0\",\"resolution\":\"C:\\\\Users\\\\Admin\\\\OneDrive\\\\Documents\\\\React\\\\Amazon-Clone\\\\amazon\\\\functions\\\\node_modules\\\\firebase-functions\\\\lib\\\\v1\\\\index.js\"}}"}}
[debug] [2024-06-04T11:38:58.920Z] [runtime-status] [22968] Resolved module firebase-functions {"declared":true,"installed":true,"version":"4.9.0","resolution":"C:\\Users\\Admin\\OneDrive\\Documents\\React\\Amazon-Clone\\amazon\\functions\\node_modules\\firebase-functions\\lib\\v1\\index.js"} {"metadata":{"emulator":{"name":"functions"},"function":{"name":"us-central1-api"},"extension":{},"message":"[runtime-status] [22968] Resolved module firebase-functions {\"declared\":true,\"installed\":true,\"version\":\"4.9.0\",\"resolution\":\"C:\\\\Users\\\\Admin\\\\OneDrive\\\\Documents\\\\React\\\\Amazon-Clone\\\\amazon\\\\functions\\\\node_modules\\\\firebase-functions\\\\lib\\\\v1\\\\index.js\"}"}}
[debug] [2024-06-04T11:38:58.922Z] [runtime-status] [22968] Resolved module firebase-admin {"declared":true,"installed":true,"version":"11.11.1","resolution":"C:\\Users\\Admin\\OneDrive\\Documents\\React\\Amazon-Clone\\amazon\\functions\\node_modules\\firebase-admin\\lib\\index.js"} {"metadata":{"emulator":{"name":"functions"},"function":{"name":"us-central1-api"},"extension":{},"message":"[runtime-status] [22968] Resolved module firebase-admin {\"declared\":true,\"installed\":true,\"version\":\"11.11.1\",\"resolution\":\"C:\\\\Users\\\\Admin\\\\OneDrive\\\\Documents\\\\React\\\\Amazon-Clone\\\\amazon\\\\functions\\\\node_modules\\\\firebase-admin\\\\lib\\\\index.js\"}"}}
[debug] [2024-06-04T11:38:58.927Z] [runtime-status] [7640] Resolved module firebase-functions {"declared":true,"installed":true,"version":"4.9.0","resolution":"C:\\Users\\Admin\\OneDrive\\Documents\\React\\Amazon-Clone\\amazon\\functions\\node_modules\\firebase-functions\\lib\\v1\\index.js"} {"metadata":{"emulator":{"name":"functions"},"function":{"name":"us-central1-api"},"extension":{},"message":"[runtime-status] [7640] Resolved module firebase-functions {\"declared\":true,\"installed\":true,\"version\":\"4.9.0\",\"resolution\":\"C:\\\\Users\\\\Admin\\\\OneDrive\\\\Documents\\\\React\\\\Amazon-Clone\\\\amazon\\\\functions\\\\node_modules\\\\firebase-functions\\\\lib\\\\v1\\\\index.js\"}"}}
[debug] [2024-06-04T11:38:58.928Z] [runtime-status] [7640] firebase-admin has been stubbed. {"adminResolution":{"declared":true,"installed":true,"version":"11.11.1","resolution":"C:\\Users\\Admin\\OneDrive\\Documents\\React\\Amazon-Clone\\amazon\\functions\\node_modules\\firebase-admin\\lib\\index.js"}} {"metadata":{"emulator":{"name":"functions"},"function":{"name":"us-central1-api"},"extension":{},"message":"[runtime-status] [7640] firebase-admin has been stubbed. {\"adminResolution\":{\"declared\":true,\"installed\":true,\"version\":\"11.11.1\",\"resolution\":\"C:\\\\Users\\\\Admin\\\\OneDrive\\\\Documents\\\\React\\\\Amazon-Clone\\\\amazon\\\\functions\\\\node_modules\\\\firebase-admin\\\\lib\\\\index.js\"}}"}}
[debug] [2024-06-04T11:38:58.931Z] [runtime-status] [22968] Resolved module firebase-functions {"declared":true,"installed":true,"version":"4.9.0","resolution":"C:\\Users\\Admin\\OneDrive\\Documents\\React\\Amazon-Clone\\amazon\\functions\\node_modules\\firebase-functions\\lib\\v1\\index.js"} {"metadata":{"emulator":{"name":"functions"},"function":{"name":"us-central1-api"},"extension":{},"message":"[runtime-status] [22968] Resolved module firebase-functions {\"declared\":true,\"installed\":true,\"version\":\"4.9.0\",\"resolution\":\"C:\\\\Users\\\\Admin\\\\OneDrive\\\\Documents\\\\React\\\\Amazon-Clone\\\\amazon\\\\functions\\\\node_modules\\\\firebase-functions\\\\lib\\\\v1\\\\index.js\"}"}}
[debug] [2024-06-04T11:38:58.931Z] [runtime-status] [22968] firebase-admin has been stubbed. {"adminResolution":{"declared":true,"installed":true,"version":"11.11.1","resolution":"C:\\Users\\Admin\\OneDrive\\Documents\\React\\Amazon-Clone\\amazon\\functions\\node_modules\\firebase-admin\\lib\\index.js"}} {"metadata":{"emulator":{"name":"functions"},"function":{"name":"us-central1-api"},"extension":{},"message":"[runtime-status] [22968] firebase-admin has been stubbed. {\"adminResolution\":{\"declared\":true,\"installed\":true,\"version\":\"11.11.1\",\"resolution\":\"C:\\\\Users\\\\Admin\\\\OneDrive\\\\Documents\\\\React\\\\Amazon-Clone\\\\amazon\\\\functions\\\\node_modules\\\\firebase-admin\\\\lib\\\\index.js\"}}"}}
[debug] [2024-06-04T11:38:59.243Z] [runtime-status] [7640] Functions runtime initialized. {"cwd":"C:\\Users\\Admin\\OneDrive\\Documents\\React\\Amazon-Clone\\amazon\\functions","node_version":"20.12.2"} {"metadata":{"emulator":{"name":"functions"},"function":{"name":"us-central1-api"},"extension":{},"message":"[runtime-status] [7640] Functions runtime initialized. {\"cwd\":\"C:\\\\Users\\\\Admin\\\\OneDrive\\\\Documents\\\\React\\\\Amazon-Clone\\\\amazon\\\\functions\",\"node_version\":\"20.12.2\"}"}}
[debug] [2024-06-04T11:38:59.244Z] [runtime-status] [22968] Functions runtime initialized. {"cwd":"C:\\Users\\Admin\\OneDrive\\Documents\\React\\Amazon-Clone\\amazon\\functions","node_version":"20.12.2"} {"metadata":{"emulator":{"name":"functions"},"function":{"name":"us-central1-api"},"extension":{},"message":"[runtime-status] [22968] Functions runtime initialized. {\"cwd\":\"C:\\\\Users\\\\Admin\\\\OneDrive\\\\Documents\\\\React\\\\Amazon-Clone\\\\amazon\\\\functions\",\"node_version\":\"20.12.2\"}"}}
[debug] [2024-06-04T11:38:59.245Z] [runtime-status] [7640] Listening to port: \\?\pipe\fire_emu_201cbe687197ec36 {"metadata":{"emulator":{"name":"functions"},"function":{"name":"us-central1-api"},"extension":{},"message":"[runtime-status] [7640] Listening to port: \\\\?\\pipe\\fire_emu_201cbe687197ec36"}}
[debug] [2024-06-04T11:38:59.245Z] [runtime-status] [22968] Listening to port: \\?\pipe\fire_emu_cee9925014aafdb5 {"metadata":{"emulator":{"name":"functions"},"function":{"name":"us-central1-api"},"extension":{},"message":"[runtime-status] [22968] Listening to port: \\\\?\\pipe\\fire_emu_cee9925014aafdb5"}}
[debug] [2024-06-04T11:38:59.295Z] [worker-us-central1-api-93450958-7d9b-4cbc-832a-dfb0e1bdeed8]: IDLE {"metadata":{"emulator":{"name":"functions"},"function":{"name":"us-central1-api"},"extension":{},"message":"[worker-us-central1-api-93450958-7d9b-4cbc-832a-dfb0e1bdeed8]: IDLE"}}
[debug] [2024-06-04T11:38:59.296Z] [worker-pool] submitRequest(triggerId=us-central1-api) {"metadata":{"emulator":{"name":"functions"},"message":"[worker-pool] submitRequest(triggerId=us-central1-api)"}}
[info] i  functions: Beginning execution of "us-central1-api" {"metadata":{"emulator":{"name":"functions"},"function":{"name":"us-central1-api"},"extension":{},"message":"Beginning execution of \"us-central1-api\""}}
[debug] [2024-06-04T11:38:59.299Z] [worker-us-central1-api-93450958-7d9b-4cbc-832a-dfb0e1bdeed8]: BUSY {"metadata":{"emulator":{"name":"functions"},"function":{"name":"us-central1-api"},"extension":{},"message":"[worker-us-central1-api-93450958-7d9b-4cbc-832a-dfb0e1bdeed8]: BUSY"}}
[info] >  Payment Request Recieved!! for this amount --->   3399 {"user":"Payment Request Recieved!! for this amount --->   3399","metadata":{"emulator":{"name":"functions"},"function":{"name":"us-central1-api"},"extension":{},"message":"\u001b[90m> \u001b[39m Payment Request Recieved!! for this amount --->   3399"}}
[debug] [2024-06-04T11:38:59.339Z] [worker-us-central1-api-535efe00-708f-4131-8c14-d27965c81b3c]: IDLE {"metadata":{"emulator":{"name":"functions"},"function":{"name":"us-central1-api"},"extension":{},"message":"[worker-us-central1-api-535efe00-708f-4131-8c14-d27965c81b3c]: IDLE"}}
[debug] [2024-06-04T11:38:59.339Z] [worker-pool] submitRequest(triggerId=us-central1-api) {"metadata":{"emulator":{"name":"functions"},"message":"[worker-pool] submitRequest(triggerId=us-central1-api)"}}
[info] i  functions: Beginning execution of "us-central1-api" {"metadata":{"emulator":{"name":"functions"},"function":{"name":"us-central1-api"},"extension":{},"message":"Beginning execution of \"us-central1-api\""}}
[debug] [2024-06-04T11:38:59.340Z] [worker-us-central1-api-535efe00-708f-4131-8c14-d27965c81b3c]: BUSY {"metadata":{"emulator":{"name":"functions"},"function":{"name":"us-central1-api"},"extension":{},"message":"[worker-us-central1-api-535efe00-708f-4131-8c14-d27965c81b3c]: BUSY"}}
[info] >  Payment Request Recieved!! for this amount --->   3399 {"user":"Payment Request Recieved!! for this amount --->   3399","metadata":{"emulator":{"name":"functions"},"function":{"name":"us-central1-api"},"extension":{},"message":"\u001b[90m> \u001b[39m Payment Request Recieved!! for this amount --->   3399"}}
[debug] [2024-06-04T11:39:00.100Z] Finishing up request with event=pause {"metadata":{"emulator":{"name":"functions"},"function":{"name":"us-central1-api"},"extension":{},"message":"Finishing up request with event=pause"}}
[info] i  functions: Finished "us-central1-api" in 760.044ms {"metadata":{"emulator":{"name":"functions"},"function":{"name":"us-central1-api"},"extension":{},"message":"Finished \"us-central1-api\" in 760.044ms"}}
[debug] [2024-06-04T11:39:00.102Z] [worker-us-central1-api-535efe00-708f-4131-8c14-d27965c81b3c]: IDLE {"metadata":{"emulator":{"name":"functions"},"function":{"name":"us-central1-api"},"extension":{},"message":"[worker-us-central1-api-535efe00-708f-4131-8c14-d27965c81b3c]: IDLE"}}
[debug] [2024-06-04T11:39:00.102Z] Finishing up request with event=finish {"metadata":{"emulator":{"name":"functions"},"function":{"name":"us-central1-api"},"extension":{},"message":"Finishing up request with event=finish"}}
[debug] [2024-06-04T11:39:00.103Z] Finishing up request with event=close {"metadata":{"emulator":{"name":"functions"},"function":{"name":"us-central1-api"},"extension":{},"message":"Finishing up request with event=close"}}
[debug] [2024-06-04T11:39:00.103Z] [work-queue] {"queuedWork":[],"queueLength":0,"runningWork":["/challenge-cd848/us-central1/api/payment/create-2024-06-04T11:38:56.418Z"],"workRunningCount":1}
[debug] [2024-06-04T11:39:00.104Z] Finishing up request with event=pause {"metadata":{"emulator":{"name":"functions"},"function":{"name":"us-central1-api"},"extension":{},"message":"Finishing up request with event=pause"}}
[info] i  functions: Finished "us-central1-api" in 805.4116ms {"metadata":{"emulator":{"name":"functions"},"function":{"name":"us-central1-api"},"extension":{},"message":"Finished \"us-central1-api\" in 805.4116ms"}}
[debug] [2024-06-04T11:39:00.106Z] [worker-us-central1-api-93450958-7d9b-4cbc-832a-dfb0e1bdeed8]: IDLE {"metadata":{"emulator":{"name":"functions"},"function":{"name":"us-central1-api"},"extension":{},"message":"[worker-us-central1-api-93450958-7d9b-4cbc-832a-dfb0e1bdeed8]: IDLE"}}
[debug] [2024-06-04T11:39:00.107Z] Finishing up request with event=finish {"metadata":{"emulator":{"name":"functions"},"function":{"name":"us-central1-api"},"extension":{},"message":"Finishing up request with event=finish"}}
[debug] [2024-06-04T11:39:00.107Z] Finishing up request with event=close {"metadata":{"emulator":{"name":"functions"},"function":{"name":"us-central1-api"},"extension":{},"message":"Finishing up request with event=close"}}
[debug] [2024-06-04T11:39:00.107Z] [work-queue] {"queuedWork":[],"queueLength":0,"runningWork":[],"workRunningCount":0}
[debug] [2024-06-04T11:48:35.850Z] [work-queue] {"queuedWork":["/challenge-cd848/us-central1/api/payment/create-2024-06-04T11:48:35.850Z"],"queueLength":1,"runningWork":[],"workRunningCount":0}
[debug] [2024-06-04T11:48:35.851Z] [work-queue] {"queuedWork":[],"queueLength":0,"runningWork":["/challenge-cd848/us-central1/api/payment/create-2024-06-04T11:48:35.850Z"],"workRunningCount":1}
[debug] [2024-06-04T11:48:35.851Z] Accepted request POST /challenge-cd848/us-central1/api/payment/create?total=75068 --> us-central1-api
[debug] [2024-06-04T11:48:35.858Z] [functions] Runtime ready! Sending request! {"metadata":{"emulator":{"name":"functions"},"message":"[functions] Runtime ready! Sending request!"}}
[debug] [2024-06-04T11:48:35.860Z] [functions] Got req.url=/challenge-cd848/us-central1/api/payment/create?total=75068, mapping to path=/payment/create?total=75068 {"metadata":{"emulator":{"name":"functions"},"message":"[functions] Got req.url=/challenge-cd848/us-central1/api/payment/create?total=75068, mapping to path=/payment/create?total=75068"}}
[debug] [2024-06-04T11:48:35.861Z] [worker-pool] submitRequest(triggerId=us-central1-api) {"metadata":{"emulator":{"name":"functions"},"message":"[worker-pool] submitRequest(triggerId=us-central1-api)"}}
[info] i  functions: Beginning execution of "us-central1-api" {"metadata":{"emulator":{"name":"functions"},"function":{"name":"us-central1-api"},"extension":{},"message":"Beginning execution of \"us-central1-api\""}}
[debug] [2024-06-04T11:48:35.864Z] [worker-us-central1-api-93450958-7d9b-4cbc-832a-dfb0e1bdeed8]: BUSY {"metadata":{"emulator":{"name":"functions"},"function":{"name":"us-central1-api"},"extension":{},"message":"[worker-us-central1-api-93450958-7d9b-4cbc-832a-dfb0e1bdeed8]: BUSY"}}
[debug] [2024-06-04T11:48:35.867Z] [work-queue] {"queuedWork":["/challenge-cd848/us-central1/api/payment/create-2024-06-04T11:48:35.867Z"],"queueLength":1,"runningWork":["/challenge-cd848/us-central1/api/payment/create-2024-06-04T11:48:35.850Z"],"workRunningCount":1}
[debug] [2024-06-04T11:48:35.868Z] [work-queue] {"queuedWork":[],"queueLength":0,"runningWork":["/challenge-cd848/us-central1/api/payment/create-2024-06-04T11:48:35.850Z","/challenge-cd848/us-central1/api/payment/create-2024-06-04T11:48:35.867Z"],"workRunningCount":2}
[debug] [2024-06-04T11:48:35.868Z] Accepted request POST /challenge-cd848/us-central1/api/payment/create?total=75068 --> us-central1-api
[debug] [2024-06-04T11:48:35.872Z] [functions] Runtime ready! Sending request! {"metadata":{"emulator":{"name":"functions"},"message":"[functions] Runtime ready! Sending request!"}}
[debug] [2024-06-04T11:48:35.872Z] [functions] Got req.url=/challenge-cd848/us-central1/api/payment/create?total=75068, mapping to path=/payment/create?total=75068 {"metadata":{"emulator":{"name":"functions"},"message":"[functions] Got req.url=/challenge-cd848/us-central1/api/payment/create?total=75068, mapping to path=/payment/create?total=75068"}}
[debug] [2024-06-04T11:48:35.873Z] [worker-pool] submitRequest(triggerId=us-central1-api) {"metadata":{"emulator":{"name":"functions"},"message":"[worker-pool] submitRequest(triggerId=us-central1-api)"}}
[info] i  functions: Beginning execution of "us-central1-api" {"metadata":{"emulator":{"name":"functions"},"function":{"name":"us-central1-api"},"extension":{},"message":"Beginning execution of \"us-central1-api\""}}
[debug] [2024-06-04T11:48:35.874Z] [worker-us-central1-api-535efe00-708f-4131-8c14-d27965c81b3c]: BUSY {"metadata":{"emulator":{"name":"functions"},"function":{"name":"us-central1-api"},"extension":{},"message":"[worker-us-central1-api-535efe00-708f-4131-8c14-d27965c81b3c]: BUSY"}}
[info] >  Payment Request Recieved!! for this amount --->   75068 {"user":"Payment Request Recieved!! for this amount --->   75068","metadata":{"emulator":{"name":"functions"},"function":{"name":"us-central1-api"},"extension":{},"message":"\u001b[90m> \u001b[39m Payment Request Recieved!! for this amount --->   75068"}}
[info] >  Payment Request Recieved!! for this amount --->   75068 {"user":"Payment Request Recieved!! for this amount --->   75068","metadata":{"emulator":{"name":"functions"},"function":{"name":"us-central1-api"},"extension":{},"message":"\u001b[90m> \u001b[39m Payment Request Recieved!! for this amount --->   75068"}}
[debug] [2024-06-04T11:48:36.552Z] Finishing up request with event=pause {"metadata":{"emulator":{"name":"functions"},"function":{"name":"us-central1-api"},"extension":{},"message":"Finishing up request with event=pause"}}
[info] i  functions: Finished "us-central1-api" in 688.1905ms {"metadata":{"emulator":{"name":"functions"},"function":{"name":"us-central1-api"},"extension":{},"message":"Finished \"us-central1-api\" in 688.1905ms"}}
[debug] [2024-06-04T11:48:36.554Z] [worker-us-central1-api-93450958-7d9b-4cbc-832a-dfb0e1bdeed8]: IDLE {"metadata":{"emulator":{"name":"functions"},"function":{"name":"us-central1-api"},"extension":{},"message":"[worker-us-central1-api-93450958-7d9b-4cbc-832a-dfb0e1bdeed8]: IDLE"}}
[debug] [2024-06-04T11:48:36.554Z] Finishing up request with event=finish {"metadata":{"emulator":{"name":"functions"},"function":{"name":"us-central1-api"},"extension":{},"message":"Finishing up request with event=finish"}}
[debug] [2024-06-04T11:48:36.555Z] Finishing up request with event=close {"metadata":{"emulator":{"name":"functions"},"function":{"name":"us-central1-api"},"extension":{},"message":"Finishing up request with event=close"}}
[debug] [2024-06-04T11:48:36.555Z] [work-queue] {"queuedWork":[],"queueLength":0,"runningWork":["/challenge-cd848/us-central1/api/payment/create-2024-06-04T11:48:35.867Z"],"workRunningCount":1}
[debug] [2024-06-04T11:48:36.652Z] Finishing up request with event=pause {"metadata":{"emulator":{"name":"functions"},"function":{"name":"us-central1-api"},"extension":{},"message":"Finishing up request with event=pause"}}
[info] i  functions: Finished "us-central1-api" in 779.1767ms {"metadata":{"emulator":{"name":"functions"},"function":{"name":"us-central1-api"},"extension":{},"message":"Finished \"us-central1-api\" in 779.1767ms"}}
[debug] [2024-06-04T11:48:36.654Z] [worker-us-central1-api-535efe00-708f-4131-8c14-d27965c81b3c]: IDLE {"metadata":{"emulator":{"name":"functions"},"function":{"name":"us-central1-api"},"extension":{},"message":"[worker-us-central1-api-535efe00-708f-4131-8c14-d27965c81b3c]: IDLE"}}
[debug] [2024-06-04T11:48:36.655Z] Finishing up request with event=finish {"metadata":{"emulator":{"name":"functions"},"function":{"name":"us-central1-api"},"extension":{},"message":"Finishing up request with event=finish"}}
[debug] [2024-06-04T11:48:36.655Z] Finishing up request with event=close {"metadata":{"emulator":{"name":"functions"},"function":{"name":"us-central1-api"},"extension":{},"message":"Finishing up request with event=close"}}
[debug] [2024-06-04T11:48:36.655Z] [work-queue] {"queuedWork":[],"queueLength":0,"runningWork":[],"workRunningCount":0}
[debug] [2024-06-04T11:52:54.348Z] [work-queue] {"queuedWork":["/challenge-cd848/us-central1/api/payment/create-2024-06-04T11:52:54.348Z"],"queueLength":1,"runningWork":[],"workRunningCount":0}
[debug] [2024-06-04T11:52:54.349Z] [work-queue] {"queuedWork":[],"queueLength":0,"runningWork":["/challenge-cd848/us-central1/api/payment/create-2024-06-04T11:52:54.348Z"],"workRunningCount":1}
[debug] [2024-06-04T11:52:54.349Z] Accepted request POST /challenge-cd848/us-central1/api/payment/create?total=30400 --> us-central1-api
[debug] [2024-06-04T11:52:54.363Z] [functions] Runtime ready! Sending request! {"metadata":{"emulator":{"name":"functions"},"message":"[functions] Runtime ready! Sending request!"}}
[debug] [2024-06-04T11:52:54.364Z] [functions] Got req.url=/challenge-cd848/us-central1/api/payment/create?total=30400, mapping to path=/payment/create?total=30400 {"metadata":{"emulator":{"name":"functions"},"message":"[functions] Got req.url=/challenge-cd848/us-central1/api/payment/create?total=30400, mapping to path=/payment/create?total=30400"}}
[debug] [2024-06-04T11:52:54.365Z] [worker-pool] submitRequest(triggerId=us-central1-api) {"metadata":{"emulator":{"name":"functions"},"message":"[worker-pool] submitRequest(triggerId=us-central1-api)"}}
[info] i  functions: Beginning execution of "us-central1-api" {"metadata":{"emulator":{"name":"functions"},"function":{"name":"us-central1-api"},"extension":{},"message":"Beginning execution of \"us-central1-api\""}}
[debug] [2024-06-04T11:52:54.366Z] [worker-us-central1-api-93450958-7d9b-4cbc-832a-dfb0e1bdeed8]: BUSY {"metadata":{"emulator":{"name":"functions"},"function":{"name":"us-central1-api"},"extension":{},"message":"[worker-us-central1-api-93450958-7d9b-4cbc-832a-dfb0e1bdeed8]: BUSY"}}
[debug] [2024-06-04T11:52:54.369Z] [work-queue] {"queuedWork":["/challenge-cd848/us-central1/api/payment/create-2024-06-04T11:52:54.369Z"],"queueLength":1,"runningWork":["/challenge-cd848/us-central1/api/payment/create-2024-06-04T11:52:54.348Z"],"workRunningCount":1}
[debug] [2024-06-04T11:52:54.369Z] [work-queue] {"queuedWork":[],"queueLength":0,"runningWork":["/challenge-cd848/us-central1/api/payment/create-2024-06-04T11:52:54.348Z","/challenge-cd848/us-central1/api/payment/create-2024-06-04T11:52:54.369Z"],"workRunningCount":2}
[debug] [2024-06-04T11:52:54.369Z] Accepted request POST /challenge-cd848/us-central1/api/payment/create?total=30400 --> us-central1-api
[debug] [2024-06-04T11:52:54.383Z] [functions] Runtime ready! Sending request! {"metadata":{"emulator":{"name":"functions"},"message":"[functions] Runtime ready! Sending request!"}}
[debug] [2024-06-04T11:52:54.384Z] [functions] Got req.url=/challenge-cd848/us-central1/api/payment/create?total=30400, mapping to path=/payment/create?total=30400 {"metadata":{"emulator":{"name":"functions"},"message":"[functions] Got req.url=/challenge-cd848/us-central1/api/payment/create?total=30400, mapping to path=/payment/create?total=30400"}}
[debug] [2024-06-04T11:52:54.385Z] [worker-pool] submitRequest(triggerId=us-central1-api) {"metadata":{"emulator":{"name":"functions"},"message":"[worker-pool] submitRequest(triggerId=us-central1-api)"}}
[info] i  functions: Beginning execution of "us-central1-api" {"metadata":{"emulator":{"name":"functions"},"function":{"name":"us-central1-api"},"extension":{},"message":"Beginning execution of \"us-central1-api\""}}
[debug] [2024-06-04T11:52:54.386Z] [worker-us-central1-api-535efe00-708f-4131-8c14-d27965c81b3c]: BUSY {"metadata":{"emulator":{"name":"functions"},"function":{"name":"us-central1-api"},"extension":{},"message":"[worker-us-central1-api-535efe00-708f-4131-8c14-d27965c81b3c]: BUSY"}}
[info] >  Payment Request Recieved!! for this amount --->   30400 {"user":"Payment Request Recieved!! for this amount --->   30400","metadata":{"emulator":{"name":"functions"},"function":{"name":"us-central1-api"},"extension":{},"message":"\u001b[90m> \u001b[39m Payment Request Recieved!! for this amount --->   30400"}}
[info] >  Payment Request Recieved!! for this amount --->   30400 {"user":"Payment Request Recieved!! for this amount --->   30400","metadata":{"emulator":{"name":"functions"},"function":{"name":"us-central1-api"},"extension":{},"message":"\u001b[90m> \u001b[39m Payment Request Recieved!! for this amount --->   30400"}}
[debug] [2024-06-04T11:52:55.123Z] Finishing up request with event=pause {"metadata":{"emulator":{"name":"functions"},"function":{"name":"us-central1-api"},"extension":{},"message":"Finishing up request with event=pause"}}
[info] i  functions: Finished "us-central1-api" in 757.358ms {"metadata":{"emulator":{"name":"functions"},"function":{"name":"us-central1-api"},"extension":{},"message":"Finished \"us-central1-api\" in 757.358ms"}}
[debug] [2024-06-04T11:52:55.124Z] [worker-us-central1-api-93450958-7d9b-4cbc-832a-dfb0e1bdeed8]: IDLE {"metadata":{"emulator":{"name":"functions"},"function":{"name":"us-central1-api"},"extension":{},"message":"[worker-us-central1-api-93450958-7d9b-4cbc-832a-dfb0e1bdeed8]: IDLE"}}
[debug] [2024-06-04T11:52:55.124Z] Finishing up request with event=finish {"metadata":{"emulator":{"name":"functions"},"function":{"name":"us-central1-api"},"extension":{},"message":"Finishing up request with event=finish"}}
[debug] [2024-06-04T11:52:55.125Z] Finishing up request with event=close {"metadata":{"emulator":{"name":"functions"},"function":{"name":"us-central1-api"},"extension":{},"message":"Finishing up request with event=close"}}
[debug] [2024-06-04T11:52:55.125Z] [work-queue] {"queuedWork":[],"queueLength":0,"runningWork":["/challenge-cd848/us-central1/api/payment/create-2024-06-04T11:52:54.369Z"],"workRunningCount":1}
[debug] [2024-06-04T11:52:55.242Z] Finishing up request with event=pause {"metadata":{"emulator":{"name":"functions"},"function":{"name":"us-central1-api"},"extension":{},"message":"Finishing up request with event=pause"}}
[info] i  functions: Finished "us-central1-api" in 856.128ms {"metadata":{"emulator":{"name":"functions"},"function":{"name":"us-central1-api"},"extension":{},"message":"Finished \"us-central1-api\" in 856.128ms"}}
[debug] [2024-06-04T11:52:55.246Z] [worker-us-central1-api-535efe00-708f-4131-8c14-d27965c81b3c]: IDLE {"metadata":{"emulator":{"name":"functions"},"function":{"name":"us-central1-api"},"extension":{},"message":"[worker-us-central1-api-535efe00-708f-4131-8c14-d27965c81b3c]: IDLE"}}
[debug] [2024-06-04T11:52:55.246Z] Finishing up request with event=finish {"metadata":{"emulator":{"name":"functions"},"function":{"name":"us-central1-api"},"extension":{},"message":"Finishing up request with event=finish"}}
[debug] [2024-06-04T11:52:55.247Z] Finishing up request with event=close {"metadata":{"emulator":{"name":"functions"},"function":{"name":"us-central1-api"},"extension":{},"message":"Finishing up request with event=close"}}
[debug] [2024-06-04T11:52:55.247Z] [work-queue] {"queuedWork":[],"queueLength":0,"runningWork":[],"workRunningCount":0}
[debug] [2024-06-04T11:57:43.381Z] [work-queue] {"queuedWork":["/challenge-cd848/us-central1/api/payment/create-2024-06-04T11:57:43.381Z"],"queueLength":1,"runningWork":[],"workRunningCount":0}
[debug] [2024-06-04T11:57:43.384Z] [work-queue] {"queuedWork":[],"queueLength":0,"runningWork":["/challenge-cd848/us-central1/api/payment/create-2024-06-04T11:57:43.381Z"],"workRunningCount":1}
[debug] [2024-06-04T11:57:43.384Z] Accepted request POST /challenge-cd848/us-central1/api/payment/create?total=42490 --> us-central1-api
[debug] [2024-06-04T11:57:43.397Z] [functions] Runtime ready! Sending request! {"metadata":{"emulator":{"name":"functions"},"message":"[functions] Runtime ready! Sending request!"}}
[debug] [2024-06-04T11:57:43.398Z] [functions] Got req.url=/challenge-cd848/us-central1/api/payment/create?total=42490, mapping to path=/payment/create?total=42490 {"metadata":{"emulator":{"name":"functions"},"message":"[functions] Got req.url=/challenge-cd848/us-central1/api/payment/create?total=42490, mapping to path=/payment/create?total=42490"}}
[debug] [2024-06-04T11:57:43.400Z] [worker-pool] submitRequest(triggerId=us-central1-api) {"metadata":{"emulator":{"name":"functions"},"message":"[worker-pool] submitRequest(triggerId=us-central1-api)"}}
[info] i  functions: Beginning execution of "us-central1-api" {"metadata":{"emulator":{"name":"functions"},"function":{"name":"us-central1-api"},"extension":{},"message":"Beginning execution of \"us-central1-api\""}}
[debug] [2024-06-04T11:57:43.402Z] [worker-us-central1-api-93450958-7d9b-4cbc-832a-dfb0e1bdeed8]: BUSY {"metadata":{"emulator":{"name":"functions"},"function":{"name":"us-central1-api"},"extension":{},"message":"[worker-us-central1-api-93450958-7d9b-4cbc-832a-dfb0e1bdeed8]: BUSY"}}
[debug] [2024-06-04T11:57:43.405Z] [work-queue] {"queuedWork":["/challenge-cd848/us-central1/api/payment/create-2024-06-04T11:57:43.405Z"],"queueLength":1,"runningWork":["/challenge-cd848/us-central1/api/payment/create-2024-06-04T11:57:43.381Z"],"workRunningCount":1}
[debug] [2024-06-04T11:57:43.406Z] [work-queue] {"queuedWork":[],"queueLength":0,"runningWork":["/challenge-cd848/us-central1/api/payment/create-2024-06-04T11:57:43.381Z","/challenge-cd848/us-central1/api/payment/create-2024-06-04T11:57:43.405Z"],"workRunningCount":2}
[debug] [2024-06-04T11:57:43.406Z] Accepted request POST /challenge-cd848/us-central1/api/payment/create?total=42490 --> us-central1-api
[debug] [2024-06-04T11:57:43.413Z] [functions] Runtime ready! Sending request! {"metadata":{"emulator":{"name":"functions"},"message":"[functions] Runtime ready! Sending request!"}}
[debug] [2024-06-04T11:57:43.414Z] [functions] Got req.url=/challenge-cd848/us-central1/api/payment/create?total=42490, mapping to path=/payment/create?total=42490 {"metadata":{"emulator":{"name":"functions"},"message":"[functions] Got req.url=/challenge-cd848/us-central1/api/payment/create?total=42490, mapping to path=/payment/create?total=42490"}}
[debug] [2024-06-04T11:57:43.414Z] [worker-pool] submitRequest(triggerId=us-central1-api) {"metadata":{"emulator":{"name":"functions"},"message":"[worker-pool] submitRequest(triggerId=us-central1-api)"}}
[info] i  functions: Beginning execution of "us-central1-api" {"metadata":{"emulator":{"name":"functions"},"function":{"name":"us-central1-api"},"extension":{},"message":"Beginning execution of \"us-central1-api\""}}
[debug] [2024-06-04T11:57:43.416Z] [worker-us-central1-api-535efe00-708f-4131-8c14-d27965c81b3c]: BUSY {"metadata":{"emulator":{"name":"functions"},"function":{"name":"us-central1-api"},"extension":{},"message":"[worker-us-central1-api-535efe00-708f-4131-8c14-d27965c81b3c]: BUSY"}}
[info] >  Payment Request Recieved!! for this amount --->   42490 {"user":"Payment Request Recieved!! for this amount --->   42490","metadata":{"emulator":{"name":"functions"},"function":{"name":"us-central1-api"},"extension":{},"message":"\u001b[90m> \u001b[39m Payment Request Recieved!! for this amount --->   42490"}}
[info] >  Payment Request Recieved!! for this amount --->   42490 {"user":"Payment Request Recieved!! for this amount --->   42490","metadata":{"emulator":{"name":"functions"},"function":{"name":"us-central1-api"},"extension":{},"message":"\u001b[90m> \u001b[39m Payment Request Recieved!! for this amount --->   42490"}}
[debug] [2024-06-04T11:57:44.120Z] Finishing up request with event=pause {"metadata":{"emulator":{"name":"functions"},"function":{"name":"us-central1-api"},"extension":{},"message":"Finishing up request with event=pause"}}
[info] i  functions: Finished "us-central1-api" in 704.7899ms {"metadata":{"emulator":{"name":"functions"},"function":{"name":"us-central1-api"},"extension":{},"message":"Finished \"us-central1-api\" in 704.7899ms"}}
[debug] [2024-06-04T11:57:44.134Z] [worker-us-central1-api-535efe00-708f-4131-8c14-d27965c81b3c]: IDLE {"metadata":{"emulator":{"name":"functions"},"function":{"name":"us-central1-api"},"extension":{},"message":"[worker-us-central1-api-535efe00-708f-4131-8c14-d27965c81b3c]: IDLE"}}
[debug] [2024-06-04T11:57:44.134Z] Finishing up request with event=finish {"metadata":{"emulator":{"name":"functions"},"function":{"name":"us-central1-api"},"extension":{},"message":"Finishing up request with event=finish"}}
[debug] [2024-06-04T11:57:44.134Z] Finishing up request with event=close {"metadata":{"emulator":{"name":"functions"},"function":{"name":"us-central1-api"},"extension":{},"message":"Finishing up request with event=close"}}
[debug] [2024-06-04T11:57:44.134Z] [work-queue] {"queuedWork":[],"queueLength":0,"runningWork":["/challenge-cd848/us-central1/api/payment/create-2024-06-04T11:57:43.381Z"],"workRunningCount":1}
[debug] [2024-06-04T11:57:44.136Z] Finishing up request with event=pause {"metadata":{"emulator":{"name":"functions"},"function":{"name":"us-central1-api"},"extension":{},"message":"Finishing up request with event=pause"}}
[info] i  functions: Finished "us-central1-api" in 734.2826ms {"metadata":{"emulator":{"name":"functions"},"function":{"name":"us-central1-api"},"extension":{},"message":"Finished \"us-central1-api\" in 734.2826ms"}}
[debug] [2024-06-04T11:57:44.137Z] [worker-us-central1-api-93450958-7d9b-4cbc-832a-dfb0e1bdeed8]: IDLE {"metadata":{"emulator":{"name":"functions"},"function":{"name":"us-central1-api"},"extension":{},"message":"[worker-us-central1-api-93450958-7d9b-4cbc-832a-dfb0e1bdeed8]: IDLE"}}
[debug] [2024-06-04T11:57:44.137Z] Finishing up request with event=finish {"metadata":{"emulator":{"name":"functions"},"function":{"name":"us-central1-api"},"extension":{},"message":"Finishing up request with event=finish"}}
[debug] [2024-06-04T11:57:44.137Z] Finishing up request with event=close {"metadata":{"emulator":{"name":"functions"},"function":{"name":"us-central1-api"},"extension":{},"message":"Finishing up request with event=close"}}
[debug] [2024-06-04T11:57:44.137Z] [work-queue] {"queuedWork":[],"queueLength":0,"runningWork":[],"workRunningCount":0}
[debug] [2024-06-04T12:04:10.331Z] [work-queue] {"queuedWork":["/challenge-cd848/us-central1/api/payment/create-2024-06-04T12:04:10.331Z"],"queueLength":1,"runningWork":[],"workRunningCount":0}
[debug] [2024-06-04T12:04:10.331Z] [work-queue] {"queuedWork":[],"queueLength":0,"runningWork":["/challenge-cd848/us-central1/api/payment/create-2024-06-04T12:04:10.331Z"],"workRunningCount":1}
[debug] [2024-06-04T12:04:10.332Z] Accepted request POST /challenge-cd848/us-central1/api/payment/create?total=69238 --> us-central1-api
[debug] [2024-06-04T12:04:10.337Z] [functions] Runtime ready! Sending request! {"metadata":{"emulator":{"name":"functions"},"message":"[functions] Runtime ready! Sending request!"}}
[debug] [2024-06-04T12:04:10.339Z] [functions] Got req.url=/challenge-cd848/us-central1/api/payment/create?total=69238, mapping to path=/payment/create?total=69238 {"metadata":{"emulator":{"name":"functions"},"message":"[functions] Got req.url=/challenge-cd848/us-central1/api/payment/create?total=69238, mapping to path=/payment/create?total=69238"}}
[debug] [2024-06-04T12:04:10.340Z] [worker-pool] submitRequest(triggerId=us-central1-api) {"metadata":{"emulator":{"name":"functions"},"message":"[worker-pool] submitRequest(triggerId=us-central1-api)"}}
[info] i  functions: Beginning execution of "us-central1-api" {"metadata":{"emulator":{"name":"functions"},"function":{"name":"us-central1-api"},"extension":{},"message":"Beginning execution of \"us-central1-api\""}}
[debug] [2024-06-04T12:04:10.342Z] [worker-us-central1-api-93450958-7d9b-4cbc-832a-dfb0e1bdeed8]: BUSY {"metadata":{"emulator":{"name":"functions"},"function":{"name":"us-central1-api"},"extension":{},"message":"[worker-us-central1-api-93450958-7d9b-4cbc-832a-dfb0e1bdeed8]: BUSY"}}
[debug] [2024-06-04T12:04:10.345Z] [work-queue] {"queuedWork":["/challenge-cd848/us-central1/api/payment/create-2024-06-04T12:04:10.344Z"],"queueLength":1,"runningWork":["/challenge-cd848/us-central1/api/payment/create-2024-06-04T12:04:10.331Z"],"workRunningCount":1}
[debug] [2024-06-04T12:04:10.345Z] [work-queue] {"queuedWork":[],"queueLength":0,"runningWork":["/challenge-cd848/us-central1/api/payment/create-2024-06-04T12:04:10.331Z","/challenge-cd848/us-central1/api/payment/create-2024-06-04T12:04:10.344Z"],"workRunningCount":2}
[debug] [2024-06-04T12:04:10.345Z] Accepted request POST /challenge-cd848/us-central1/api/payment/create?total=69238 --> us-central1-api
[debug] [2024-06-04T12:04:10.353Z] [functions] Runtime ready! Sending request! {"metadata":{"emulator":{"name":"functions"},"message":"[functions] Runtime ready! Sending request!"}}
[debug] [2024-06-04T12:04:10.353Z] [functions] Got req.url=/challenge-cd848/us-central1/api/payment/create?total=69238, mapping to path=/payment/create?total=69238 {"metadata":{"emulator":{"name":"functions"},"message":"[functions] Got req.url=/challenge-cd848/us-central1/api/payment/create?total=69238, mapping to path=/payment/create?total=69238"}}
[debug] [2024-06-04T12:04:10.354Z] [worker-pool] submitRequest(triggerId=us-central1-api) {"metadata":{"emulator":{"name":"functions"},"message":"[worker-pool] submitRequest(triggerId=us-central1-api)"}}
[info] i  functions: Beginning execution of "us-central1-api" {"metadata":{"emulator":{"name":"functions"},"function":{"name":"us-central1-api"},"extension":{},"message":"Beginning execution of \"us-central1-api\""}}
[debug] [2024-06-04T12:04:10.357Z] [worker-us-central1-api-535efe00-708f-4131-8c14-d27965c81b3c]: BUSY {"metadata":{"emulator":{"name":"functions"},"function":{"name":"us-central1-api"},"extension":{},"message":"[worker-us-central1-api-535efe00-708f-4131-8c14-d27965c81b3c]: BUSY"}}
[info] >  Payment Request Recieved!! for this amount --->   69238 {"user":"Payment Request Recieved!! for this amount --->   69238","metadata":{"emulator":{"name":"functions"},"function":{"name":"us-central1-api"},"extension":{},"message":"\u001b[90m> \u001b[39m Payment Request Recieved!! for this amount --->   69238"}}
[info] >  Payment Request Recieved!! for this amount --->   69238 {"user":"Payment Request Recieved!! for this amount --->   69238","metadata":{"emulator":{"name":"functions"},"function":{"name":"us-central1-api"},"extension":{},"message":"\u001b[90m> \u001b[39m Payment Request Recieved!! for this amount --->   69238"}}
[debug] [2024-06-04T12:04:11.036Z] Finishing up request with event=pause {"metadata":{"emulator":{"name":"functions"},"function":{"name":"us-central1-api"},"extension":{},"message":"Finishing up request with event=pause"}}
[info] i  functions: Finished "us-central1-api" in 694.86ms {"metadata":{"emulator":{"name":"functions"},"function":{"name":"us-central1-api"},"extension":{},"message":"Finished \"us-central1-api\" in 694.86ms"}}
[debug] [2024-06-04T12:04:11.041Z] [worker-us-central1-api-93450958-7d9b-4cbc-832a-dfb0e1bdeed8]: IDLE {"metadata":{"emulator":{"name":"functions"},"function":{"name":"us-central1-api"},"extension":{},"message":"[worker-us-central1-api-93450958-7d9b-4cbc-832a-dfb0e1bdeed8]: IDLE"}}
[debug] [2024-06-04T12:04:11.042Z] Finishing up request with event=finish {"metadata":{"emulator":{"name":"functions"},"function":{"name":"us-central1-api"},"extension":{},"message":"Finishing up request with event=finish"}}
[debug] [2024-06-04T12:04:11.043Z] Finishing up request with event=close {"metadata":{"emulator":{"name":"functions"},"function":{"name":"us-central1-api"},"extension":{},"message":"Finishing up request with event=close"}}
[debug] [2024-06-04T12:04:11.043Z] [work-queue] {"queuedWork":[],"queueLength":0,"runningWork":["/challenge-cd848/us-central1/api/payment/create-2024-06-04T12:04:10.344Z"],"workRunningCount":1}
[debug] [2024-06-04T12:04:11.045Z] Finishing up request with event=pause {"metadata":{"emulator":{"name":"functions"},"function":{"name":"us-central1-api"},"extension":{},"message":"Finishing up request with event=pause"}}
[info] i  functions: Finished "us-central1-api" in 688.7658ms {"metadata":{"emulator":{"name":"functions"},"function":{"name":"us-central1-api"},"extension":{},"message":"Finished \"us-central1-api\" in 688.7658ms"}}
[debug] [2024-06-04T12:04:11.047Z] [worker-us-central1-api-535efe00-708f-4131-8c14-d27965c81b3c]: IDLE {"metadata":{"emulator":{"name":"functions"},"function":{"name":"us-central1-api"},"extension":{},"message":"[worker-us-central1-api-535efe00-708f-4131-8c14-d27965c81b3c]: IDLE"}}
[debug] [2024-06-04T12:04:11.047Z] Finishing up request with event=finish {"metadata":{"emulator":{"name":"functions"},"function":{"name":"us-central1-api"},"extension":{},"message":"Finishing up request with event=finish"}}
[debug] [2024-06-04T12:04:11.047Z] Finishing up request with event=close {"metadata":{"emulator":{"name":"functions"},"function":{"name":"us-central1-api"},"extension":{},"message":"Finishing up request with event=close"}}
[debug] [2024-06-04T12:04:11.048Z] [work-queue] {"queuedWork":[],"queueLength":0,"runningWork":[],"workRunningCount":0}
[debug] [2024-06-04T12:11:44.178Z] [work-queue] {"queuedWork":["/challenge-cd848/us-central1/api/payment/create-2024-06-04T12:11:44.178Z"],"queueLength":1,"runningWork":[],"workRunningCount":0}
[debug] [2024-06-04T12:11:44.179Z] [work-queue] {"queuedWork":[],"queueLength":0,"runningWork":["/challenge-cd848/us-central1/api/payment/create-2024-06-04T12:11:44.178Z"],"workRunningCount":1}
[debug] [2024-06-04T12:11:44.180Z] Accepted request POST /challenge-cd848/us-central1/api/payment/create?total=68989 --> us-central1-api
[debug] [2024-06-04T12:11:44.193Z] [functions] Runtime ready! Sending request! {"metadata":{"emulator":{"name":"functions"},"message":"[functions] Runtime ready! Sending request!"}}
[debug] [2024-06-04T12:11:44.194Z] [functions] Got req.url=/challenge-cd848/us-central1/api/payment/create?total=68989, mapping to path=/payment/create?total=68989 {"metadata":{"emulator":{"name":"functions"},"message":"[functions] Got req.url=/challenge-cd848/us-central1/api/payment/create?total=68989, mapping to path=/payment/create?total=68989"}}
[debug] [2024-06-04T12:11:44.194Z] [worker-pool] submitRequest(triggerId=us-central1-api) {"metadata":{"emulator":{"name":"functions"},"message":"[worker-pool] submitRequest(triggerId=us-central1-api)"}}
[info] i  functions: Beginning execution of "us-central1-api" {"metadata":{"emulator":{"name":"functions"},"function":{"name":"us-central1-api"},"extension":{},"message":"Beginning execution of \"us-central1-api\""}}
[debug] [2024-06-04T12:11:44.200Z] [worker-us-central1-api-93450958-7d9b-4cbc-832a-dfb0e1bdeed8]: BUSY {"metadata":{"emulator":{"name":"functions"},"function":{"name":"us-central1-api"},"extension":{},"message":"[worker-us-central1-api-93450958-7d9b-4cbc-832a-dfb0e1bdeed8]: BUSY"}}
[debug] [2024-06-04T12:11:44.203Z] [work-queue] {"queuedWork":["/challenge-cd848/us-central1/api/payment/create-2024-06-04T12:11:44.203Z"],"queueLength":1,"runningWork":["/challenge-cd848/us-central1/api/payment/create-2024-06-04T12:11:44.178Z"],"workRunningCount":1}
[debug] [2024-06-04T12:11:44.203Z] [work-queue] {"queuedWork":[],"queueLength":0,"runningWork":["/challenge-cd848/us-central1/api/payment/create-2024-06-04T12:11:44.178Z","/challenge-cd848/us-central1/api/payment/create-2024-06-04T12:11:44.203Z"],"workRunningCount":2}
[debug] [2024-06-04T12:11:44.203Z] Accepted request POST /challenge-cd848/us-central1/api/payment/create?total=68989 --> us-central1-api
[debug] [2024-06-04T12:11:44.211Z] [functions] Runtime ready! Sending request! {"metadata":{"emulator":{"name":"functions"},"message":"[functions] Runtime ready! Sending request!"}}
[debug] [2024-06-04T12:11:44.211Z] [functions] Got req.url=/challenge-cd848/us-central1/api/payment/create?total=68989, mapping to path=/payment/create?total=68989 {"metadata":{"emulator":{"name":"functions"},"message":"[functions] Got req.url=/challenge-cd848/us-central1/api/payment/create?total=68989, mapping to path=/payment/create?total=68989"}}
[debug] [2024-06-04T12:11:44.211Z] [worker-pool] submitRequest(triggerId=us-central1-api) {"metadata":{"emulator":{"name":"functions"},"message":"[worker-pool] submitRequest(triggerId=us-central1-api)"}}
[info] i  functions: Beginning execution of "us-central1-api" {"metadata":{"emulator":{"name":"functions"},"function":{"name":"us-central1-api"},"extension":{},"message":"Beginning execution of \"us-central1-api\""}}
[debug] [2024-06-04T12:11:44.212Z] [worker-us-central1-api-535efe00-708f-4131-8c14-d27965c81b3c]: BUSY {"metadata":{"emulator":{"name":"functions"},"function":{"name":"us-central1-api"},"extension":{},"message":"[worker-us-central1-api-535efe00-708f-4131-8c14-d27965c81b3c]: BUSY"}}
[info] >  Payment Request Recieved!! for this amount --->   68989 {"user":"Payment Request Recieved!! for this amount --->   68989","metadata":{"emulator":{"name":"functions"},"function":{"name":"us-central1-api"},"extension":{},"message":"\u001b[90m> \u001b[39m Payment Request Recieved!! for this amount --->   68989"}}
[info] >  Payment Request Recieved!! for this amount --->   68989 {"user":"Payment Request Recieved!! for this amount --->   68989","metadata":{"emulator":{"name":"functions"},"function":{"name":"us-central1-api"},"extension":{},"message":"\u001b[90m> \u001b[39m Payment Request Recieved!! for this amount --->   68989"}}
[debug] [2024-06-04T12:11:44.987Z] Finishing up request with event=pause {"metadata":{"emulator":{"name":"functions"},"function":{"name":"us-central1-api"},"extension":{},"message":"Finishing up request with event=pause"}}
[info] i  functions: Finished "us-central1-api" in 775.6593ms {"metadata":{"emulator":{"name":"functions"},"function":{"name":"us-central1-api"},"extension":{},"message":"Finished \"us-central1-api\" in 775.6593ms"}}
[debug] [2024-06-04T12:11:44.989Z] [worker-us-central1-api-535efe00-708f-4131-8c14-d27965c81b3c]: IDLE {"metadata":{"emulator":{"name":"functions"},"function":{"name":"us-central1-api"},"extension":{},"message":"[worker-us-central1-api-535efe00-708f-4131-8c14-d27965c81b3c]: IDLE"}}
[debug] [2024-06-04T12:11:44.989Z] Finishing up request with event=finish {"metadata":{"emulator":{"name":"functions"},"function":{"name":"us-central1-api"},"extension":{},"message":"Finishing up request with event=finish"}}
[debug] [2024-06-04T12:11:44.989Z] Finishing up request with event=close {"metadata":{"emulator":{"name":"functions"},"function":{"name":"us-central1-api"},"extension":{},"message":"Finishing up request with event=close"}}
[debug] [2024-06-04T12:11:44.990Z] [work-queue] {"queuedWork":[],"queueLength":0,"runningWork":["/challenge-cd848/us-central1/api/payment/create-2024-06-04T12:11:44.178Z"],"workRunningCount":1}
[debug] [2024-06-04T12:11:45.025Z] Finishing up request with event=pause {"metadata":{"emulator":{"name":"functions"},"function":{"name":"us-central1-api"},"extension":{},"message":"Finishing up request with event=pause"}}
[info] i  functions: Finished "us-central1-api" in 825.0683ms {"metadata":{"emulator":{"name":"functions"},"function":{"name":"us-central1-api"},"extension":{},"message":"Finished \"us-central1-api\" in 825.0683ms"}}
[debug] [2024-06-04T12:11:45.026Z] [worker-us-central1-api-93450958-7d9b-4cbc-832a-dfb0e1bdeed8]: IDLE {"metadata":{"emulator":{"name":"functions"},"function":{"name":"us-central1-api"},"extension":{},"message":"[worker-us-central1-api-93450958-7d9b-4cbc-832a-dfb0e1bdeed8]: IDLE"}}
[debug] [2024-06-04T12:11:45.026Z] Finishing up request with event=finish {"metadata":{"emulator":{"name":"functions"},"function":{"name":"us-central1-api"},"extension":{},"message":"Finishing up request with event=finish"}}
[debug] [2024-06-04T12:11:45.026Z] Finishing up request with event=close {"metadata":{"emulator":{"name":"functions"},"function":{"name":"us-central1-api"},"extension":{},"message":"Finishing up request with event=close"}}
[debug] [2024-06-04T12:11:45.026Z] [work-queue] {"queuedWork":[],"queueLength":0,"runningWork":[],"workRunningCount":0}
